<?xml version="1.0" encoding="UTF-8"?>
<testsuite xmlns:xsi="http://www.w3.org/2001/XMLSchema-instance" xsi:noNamespaceSchemaLocation="https://maven.apache.org/surefire/maven-surefire-plugin/xsd/surefire-test-report-3.0.xsd" version="3.0" name="com.example.atividades.atividade11.CustomSortTest" time="0.029" tests="4" errors="0" skipped="0" failures="0">
  <properties>
    <property name="java.specification.version" value="17"/>
    <property name="sun.jnu.encoding" value="UTF-8"/>
    <property name="java.class.path" value="/home/joao/residencia18/Testes/unit-testing-activities-java/target/test-classes:/home/joao/residencia18/Testes/unit-testing-activities-java/target/classes:/home/joao/.m2/repository/org/junit/jupiter/junit-jupiter-api/5.9.3/junit-jupiter-api-5.9.3.jar:/home/joao/.m2/repository/org/opentest4j/opentest4j/1.2.0/opentest4j-1.2.0.jar:/home/joao/.m2/repository/org/junit/platform/junit-platform-commons/1.9.3/junit-platform-commons-1.9.3.jar:/home/joao/.m2/repository/org/apiguardian/apiguardian-api/1.1.2/apiguardian-api-1.1.2.jar:/home/joao/.m2/repository/org/mockito/mockito-core/5.9.0/mockito-core-5.9.0.jar:/home/joao/.m2/repository/net/bytebuddy/byte-buddy/1.14.11/byte-buddy-1.14.11.jar:/home/joao/.m2/repository/net/bytebuddy/byte-buddy-agent/1.14.11/byte-buddy-agent-1.14.11.jar:/home/joao/.m2/repository/org/objenesis/objenesis/3.3/objenesis-3.3.jar:/home/joao/.m2/repository/com/squareup/okhttp3/okhttp/4.12.0/okhttp-4.12.0.jar:/home/joao/.m2/repository/com/squareup/okio/okio/3.6.0/okio-3.6.0.jar:/home/joao/.m2/repository/com/squareup/okio/okio-jvm/3.6.0/okio-jvm-3.6.0.jar:/home/joao/.m2/repository/org/jetbrains/kotlin/kotlin-stdlib-common/1.9.10/kotlin-stdlib-common-1.9.10.jar:/home/joao/.m2/repository/org/jetbrains/kotlin/kotlin-stdlib-jdk8/1.8.21/kotlin-stdlib-jdk8-1.8.21.jar:/home/joao/.m2/repository/org/jetbrains/kotlin/kotlin-stdlib/1.8.21/kotlin-stdlib-1.8.21.jar:/home/joao/.m2/repository/org/jetbrains/annotations/13.0/annotations-13.0.jar:/home/joao/.m2/repository/org/jetbrains/kotlin/kotlin-stdlib-jdk7/1.8.21/kotlin-stdlib-jdk7-1.8.21.jar:/home/joao/.m2/repository/software/amazon/awssdk/rekognition/2.25.60/rekognition-2.25.60.jar:/home/joao/.m2/repository/software/amazon/awssdk/aws-json-protocol/2.25.60/aws-json-protocol-2.25.60.jar:/home/joao/.m2/repository/software/amazon/awssdk/third-party-jackson-core/2.25.60/third-party-jackson-core-2.25.60.jar:/home/joao/.m2/repository/software/amazon/awssdk/protocol-core/2.25.60/protocol-core-2.25.60.jar:/home/joao/.m2/repository/software/amazon/awssdk/http-auth-aws/2.25.60/http-auth-aws-2.25.60.jar:/home/joao/.m2/repository/software/amazon/awssdk/checksums-spi/2.25.60/checksums-spi-2.25.60.jar:/home/joao/.m2/repository/software/amazon/awssdk/checksums/2.25.60/checksums-2.25.60.jar:/home/joao/.m2/repository/software/amazon/awssdk/sdk-core/2.25.60/sdk-core-2.25.60.jar:/home/joao/.m2/repository/software/amazon/awssdk/profiles/2.25.60/profiles-2.25.60.jar:/home/joao/.m2/repository/org/slf4j/slf4j-api/1.7.30/slf4j-api-1.7.30.jar:/home/joao/.m2/repository/org/reactivestreams/reactive-streams/1.0.4/reactive-streams-1.0.4.jar:/home/joao/.m2/repository/software/amazon/awssdk/auth/2.25.60/auth-2.25.60.jar:/home/joao/.m2/repository/software/amazon/eventstream/eventstream/1.0.1/eventstream-1.0.1.jar:/home/joao/.m2/repository/software/amazon/awssdk/http-auth-spi/2.25.60/http-auth-spi-2.25.60.jar:/home/joao/.m2/repository/software/amazon/awssdk/http-auth/2.25.60/http-auth-2.25.60.jar:/home/joao/.m2/repository/software/amazon/awssdk/identity-spi/2.25.60/identity-spi-2.25.60.jar:/home/joao/.m2/repository/software/amazon/awssdk/http-client-spi/2.25.60/http-client-spi-2.25.60.jar:/home/joao/.m2/repository/software/amazon/awssdk/regions/2.25.60/regions-2.25.60.jar:/home/joao/.m2/repository/software/amazon/awssdk/annotations/2.25.60/annotations-2.25.60.jar:/home/joao/.m2/repository/software/amazon/awssdk/utils/2.25.60/utils-2.25.60.jar:/home/joao/.m2/repository/software/amazon/awssdk/aws-core/2.25.60/aws-core-2.25.60.jar:/home/joao/.m2/repository/software/amazon/awssdk/metrics-spi/2.25.60/metrics-spi-2.25.60.jar:/home/joao/.m2/repository/software/amazon/awssdk/json-utils/2.25.60/json-utils-2.25.60.jar:/home/joao/.m2/repository/software/amazon/awssdk/endpoints-spi/2.25.60/endpoints-spi-2.25.60.jar:/home/joao/.m2/repository/software/amazon/awssdk/apache-client/2.25.60/apache-client-2.25.60.jar:/home/joao/.m2/repository/org/apache/httpcomponents/httpclient/4.5.13/httpclient-4.5.13.jar:/home/joao/.m2/repository/commons-logging/commons-logging/1.2/commons-logging-1.2.jar:/home/joao/.m2/repository/org/apache/httpcomponents/httpcore/4.4.13/httpcore-4.4.13.jar:/home/joao/.m2/repository/commons-codec/commons-codec/1.15/commons-codec-1.15.jar:/home/joao/.m2/repository/software/amazon/awssdk/netty-nio-client/2.25.60/netty-nio-client-2.25.60.jar:/home/joao/.m2/repository/io/netty/netty-codec-http/4.1.108.Final/netty-codec-http-4.1.108.Final.jar:/home/joao/.m2/repository/io/netty/netty-codec-http2/4.1.108.Final/netty-codec-http2-4.1.108.Final.jar:/home/joao/.m2/repository/io/netty/netty-codec/4.1.108.Final/netty-codec-4.1.108.Final.jar:/home/joao/.m2/repository/io/netty/netty-transport/4.1.108.Final/netty-transport-4.1.108.Final.jar:/home/joao/.m2/repository/io/netty/netty-common/4.1.108.Final/netty-common-4.1.108.Final.jar:/home/joao/.m2/repository/io/netty/netty-buffer/4.1.108.Final/netty-buffer-4.1.108.Final.jar:/home/joao/.m2/repository/io/netty/netty-handler/4.1.108.Final/netty-handler-4.1.108.Final.jar:/home/joao/.m2/repository/io/netty/netty-transport-native-unix-common/4.1.108.Final/netty-transport-native-unix-common-4.1.108.Final.jar:/home/joao/.m2/repository/io/netty/netty-transport-classes-epoll/4.1.108.Final/netty-transport-classes-epoll-4.1.108.Final.jar:/home/joao/.m2/repository/io/netty/netty-resolver/4.1.108.Final/netty-resolver-4.1.108.Final.jar:/home/joao/.m2/repository/com/github/javafaker/javafaker/1.0.2/javafaker-1.0.2.jar:/home/joao/.m2/repository/org/apache/commons/commons-lang3/3.5/commons-lang3-3.5.jar:/home/joao/.m2/repository/org/yaml/snakeyaml/1.23/snakeyaml-1.23-android.jar:/home/joao/.m2/repository/com/github/mifmif/generex/1.0.2/generex-1.0.2.jar:/home/joao/.m2/repository/dk/brics/automaton/automaton/1.11-8/automaton-1.11-8.jar:"/>
    <property name="java.vm.vendor" value="Oracle Corporation"/>
    <property name="sun.arch.data.model" value="64"/>
    <property name="java.vendor.url" value="https://java.oracle.com/"/>
    <property name="user.timezone" value="America/Bahia"/>
    <property name="os.name" value="Linux"/>
    <property name="java.vm.specification.version" value="17"/>
    <property name="sun.java.launcher" value="SUN_STANDARD"/>
    <property name="user.country" value="BR"/>
    <property name="sun.boot.library.path" value="/usr/lib/jvm/jdk-17-oracle-x64/lib"/>
    <property name="sun.java.command" value="/home/joao/residencia18/Testes/unit-testing-activities-java/target/surefire/surefirebooter-20240606000706526_3.jar /home/joao/residencia18/Testes/unit-testing-activities-java/target/surefire 2024-06-06T00-07-06_436-jvmRun1 surefire-20240606000706526_1tmp surefire_0-20240606000706526_2tmp"/>
    <property name="jdk.debug" value="release"/>
    <property name="surefire.test.class.path" value="/home/joao/residencia18/Testes/unit-testing-activities-java/target/test-classes:/home/joao/residencia18/Testes/unit-testing-activities-java/target/classes:/home/joao/.m2/repository/org/junit/jupiter/junit-jupiter-api/5.9.3/junit-jupiter-api-5.9.3.jar:/home/joao/.m2/repository/org/opentest4j/opentest4j/1.2.0/opentest4j-1.2.0.jar:/home/joao/.m2/repository/org/junit/platform/junit-platform-commons/1.9.3/junit-platform-commons-1.9.3.jar:/home/joao/.m2/repository/org/apiguardian/apiguardian-api/1.1.2/apiguardian-api-1.1.2.jar:/home/joao/.m2/repository/org/mockito/mockito-core/5.9.0/mockito-core-5.9.0.jar:/home/joao/.m2/repository/net/bytebuddy/byte-buddy/1.14.11/byte-buddy-1.14.11.jar:/home/joao/.m2/repository/net/bytebuddy/byte-buddy-agent/1.14.11/byte-buddy-agent-1.14.11.jar:/home/joao/.m2/repository/org/objenesis/objenesis/3.3/objenesis-3.3.jar:/home/joao/.m2/repository/com/squareup/okhttp3/okhttp/4.12.0/okhttp-4.12.0.jar:/home/joao/.m2/repository/com/squareup/okio/okio/3.6.0/okio-3.6.0.jar:/home/joao/.m2/repository/com/squareup/okio/okio-jvm/3.6.0/okio-jvm-3.6.0.jar:/home/joao/.m2/repository/org/jetbrains/kotlin/kotlin-stdlib-common/1.9.10/kotlin-stdlib-common-1.9.10.jar:/home/joao/.m2/repository/org/jetbrains/kotlin/kotlin-stdlib-jdk8/1.8.21/kotlin-stdlib-jdk8-1.8.21.jar:/home/joao/.m2/repository/org/jetbrains/kotlin/kotlin-stdlib/1.8.21/kotlin-stdlib-1.8.21.jar:/home/joao/.m2/repository/org/jetbrains/annotations/13.0/annotations-13.0.jar:/home/joao/.m2/repository/org/jetbrains/kotlin/kotlin-stdlib-jdk7/1.8.21/kotlin-stdlib-jdk7-1.8.21.jar:/home/joao/.m2/repository/software/amazon/awssdk/rekognition/2.25.60/rekognition-2.25.60.jar:/home/joao/.m2/repository/software/amazon/awssdk/aws-json-protocol/2.25.60/aws-json-protocol-2.25.60.jar:/home/joao/.m2/repository/software/amazon/awssdk/third-party-jackson-core/2.25.60/third-party-jackson-core-2.25.60.jar:/home/joao/.m2/repository/software/amazon/awssdk/protocol-core/2.25.60/protocol-core-2.25.60.jar:/home/joao/.m2/repository/software/amazon/awssdk/http-auth-aws/2.25.60/http-auth-aws-2.25.60.jar:/home/joao/.m2/repository/software/amazon/awssdk/checksums-spi/2.25.60/checksums-spi-2.25.60.jar:/home/joao/.m2/repository/software/amazon/awssdk/checksums/2.25.60/checksums-2.25.60.jar:/home/joao/.m2/repository/software/amazon/awssdk/sdk-core/2.25.60/sdk-core-2.25.60.jar:/home/joao/.m2/repository/software/amazon/awssdk/profiles/2.25.60/profiles-2.25.60.jar:/home/joao/.m2/repository/org/slf4j/slf4j-api/1.7.30/slf4j-api-1.7.30.jar:/home/joao/.m2/repository/org/reactivestreams/reactive-streams/1.0.4/reactive-streams-1.0.4.jar:/home/joao/.m2/repository/software/amazon/awssdk/auth/2.25.60/auth-2.25.60.jar:/home/joao/.m2/repository/software/amazon/eventstream/eventstream/1.0.1/eventstream-1.0.1.jar:/home/joao/.m2/repository/software/amazon/awssdk/http-auth-spi/2.25.60/http-auth-spi-2.25.60.jar:/home/joao/.m2/repository/software/amazon/awssdk/http-auth/2.25.60/http-auth-2.25.60.jar:/home/joao/.m2/repository/software/amazon/awssdk/identity-spi/2.25.60/identity-spi-2.25.60.jar:/home/joao/.m2/repository/software/amazon/awssdk/http-client-spi/2.25.60/http-client-spi-2.25.60.jar:/home/joao/.m2/repository/software/amazon/awssdk/regions/2.25.60/regions-2.25.60.jar:/home/joao/.m2/repository/software/amazon/awssdk/annotations/2.25.60/annotations-2.25.60.jar:/home/joao/.m2/repository/software/amazon/awssdk/utils/2.25.60/utils-2.25.60.jar:/home/joao/.m2/repository/software/amazon/awssdk/aws-core/2.25.60/aws-core-2.25.60.jar:/home/joao/.m2/repository/software/amazon/awssdk/metrics-spi/2.25.60/metrics-spi-2.25.60.jar:/home/joao/.m2/repository/software/amazon/awssdk/json-utils/2.25.60/json-utils-2.25.60.jar:/home/joao/.m2/repository/software/amazon/awssdk/endpoints-spi/2.25.60/endpoints-spi-2.25.60.jar:/home/joao/.m2/repository/software/amazon/awssdk/apache-client/2.25.60/apache-client-2.25.60.jar:/home/joao/.m2/repository/org/apache/httpcomponents/httpclient/4.5.13/httpclient-4.5.13.jar:/home/joao/.m2/repository/commons-logging/commons-logging/1.2/commons-logging-1.2.jar:/home/joao/.m2/repository/org/apache/httpcomponents/httpcore/4.4.13/httpcore-4.4.13.jar:/home/joao/.m2/repository/commons-codec/commons-codec/1.15/commons-codec-1.15.jar:/home/joao/.m2/repository/software/amazon/awssdk/netty-nio-client/2.25.60/netty-nio-client-2.25.60.jar:/home/joao/.m2/repository/io/netty/netty-codec-http/4.1.108.Final/netty-codec-http-4.1.108.Final.jar:/home/joao/.m2/repository/io/netty/netty-codec-http2/4.1.108.Final/netty-codec-http2-4.1.108.Final.jar:/home/joao/.m2/repository/io/netty/netty-codec/4.1.108.Final/netty-codec-4.1.108.Final.jar:/home/joao/.m2/repository/io/netty/netty-transport/4.1.108.Final/netty-transport-4.1.108.Final.jar:/home/joao/.m2/repository/io/netty/netty-common/4.1.108.Final/netty-common-4.1.108.Final.jar:/home/joao/.m2/repository/io/netty/netty-buffer/4.1.108.Final/netty-buffer-4.1.108.Final.jar:/home/joao/.m2/repository/io/netty/netty-handler/4.1.108.Final/netty-handler-4.1.108.Final.jar:/home/joao/.m2/repository/io/netty/netty-transport-native-unix-common/4.1.108.Final/netty-transport-native-unix-common-4.1.108.Final.jar:/home/joao/.m2/repository/io/netty/netty-transport-classes-epoll/4.1.108.Final/netty-transport-classes-epoll-4.1.108.Final.jar:/home/joao/.m2/repository/io/netty/netty-resolver/4.1.108.Final/netty-resolver-4.1.108.Final.jar:/home/joao/.m2/repository/com/github/javafaker/javafaker/1.0.2/javafaker-1.0.2.jar:/home/joao/.m2/repository/org/apache/commons/commons-lang3/3.5/commons-lang3-3.5.jar:/home/joao/.m2/repository/org/yaml/snakeyaml/1.23/snakeyaml-1.23-android.jar:/home/joao/.m2/repository/com/github/mifmif/generex/1.0.2/generex-1.0.2.jar:/home/joao/.m2/repository/dk/brics/automaton/automaton/1.11-8/automaton-1.11-8.jar:"/>
    <property name="sun.cpu.endian" value="little"/>
    <property name="user.home" value="/home/joao"/>
    <property name="user.language" value="pt"/>
    <property name="java.specification.vendor" value="Oracle Corporation"/>
    <property name="java.version.date" value="2023-10-17"/>
    <property name="java.home" value="/usr/lib/jvm/jdk-17-oracle-x64"/>
    <property name="file.separator" value="/"/>
    <property name="basedir" value="/home/joao/residencia18/Testes/unit-testing-activities-java"/>
    <property name="java.vm.compressedOopsMode" value="Zero based"/>
    <property name="line.separator" value="&#10;"/>
    <property name="java.vm.specification.vendor" value="Oracle Corporation"/>
    <property name="java.specification.name" value="Java Platform API Specification"/>
    <property name="surefire.real.class.path" value="/home/joao/residencia18/Testes/unit-testing-activities-java/target/surefire/surefirebooter-20240606000706526_3.jar"/>
    <property name="sun.management.compiler" value="HotSpot 64-Bit Tiered Compilers"/>
    <property name="java.runtime.version" value="17.0.9+11-LTS-201"/>
    <property name="user.name" value="joao"/>
    <property name="path.separator" value=":"/>
    <property name="os.version" value="6.5.0-35-generic"/>
    <property name="java.runtime.name" value="Java(TM) SE Runtime Environment"/>
    <property name="file.encoding" value="UTF-8"/>
    <property name="java.vm.name" value="Java HotSpot(TM) 64-Bit Server VM"/>
    <property name="localRepository" value="/home/joao/.m2/repository"/>
    <property name="java.vendor.url.bug" value="https://bugreport.java.com/bugreport/"/>
    <property name="java.io.tmpdir" value="/tmp"/>
    <property name="idea.version" value="2023.3.6"/>
    <property name="java.version" value="17.0.9"/>
    <property name="user.dir" value="/home/joao/residencia18/Testes/unit-testing-activities-java"/>
    <property name="os.arch" value="amd64"/>
    <property name="java.vm.specification.name" value="Java Virtual Machine Specification"/>
    <property name="native.encoding" value="UTF-8"/>
    <property name="java.library.path" value="/usr/java/packages/lib:/usr/lib64:/lib64:/lib:/usr/lib"/>
    <property name="java.vm.info" value="mixed mode, sharing"/>
    <property name="java.vendor" value="Oracle Corporation"/>
    <property name="java.vm.version" value="17.0.9+11-LTS-201"/>
    <property name="sun.io.unicode.encoding" value="UnicodeLittle"/>
    <property name="java.class.version" value="61.0"/>
  </properties>
  <testcase name="testCustomSortWithNegativeNumbers" classname="com.example.atividades.atividade11.CustomSortTest" time="0.019"/>
  <testcase name="testCustomSortWithPositiveNumbers" classname="com.example.atividades.atividade11.CustomSortTest" time="0.002"/>
  <testcase name="testCustomSortWithEmptyList" classname="com.example.atividades.atividade11.CustomSortTest" time="0.001"/>
  <testcase name="testCustomSortWithMixedNumbers" classname="com.example.atividades.atividade11.CustomSortTest" time="0.001"/>
</testsuite>